JZ 1F
SUB FB
STORE FD
LOAD 21
JZ 1F
STORE FF
LOAD FD
JZ 1E
LOAD FD
JZ 1E
SUB FB
STORE FD
LOAD 22
JZ 1F
SUB FB
STORE FC
LOAD FF
STORE FE
LOAD FC
JZ 1A
SUB FB
STORE FC
LOAD FF
ADD FE
STORE FF
JMP 12
LOAD FC
JZ 1A
SUB FB
STORE FC
LOAD FF
ADD FE
STORE FF
JMP 12
LOAD FC
JZ 1A
SUB FB
STORE FC
LOAD FF
ADD FE
STORE FF
JMP 12
LOAD FC
JZ 1A
LOAD 0C
ADD FB
STORE 0C
JMP 08
LOAD FD
JZ 1E
SUB FB
STORE FD
LOAD 23
JZ 1F
SUB FB
STORE FC
LOAD FF
STORE FE
LOAD FC
JZ 1A
SUB FB
STORE FC
LOAD FF
ADD FE
STORE FF
JMP 12
LOAD FC
JZ 1A
SUB FB
STORE FC
LOAD FF
ADD FE
STORE FF
JMP 12
LOAD FC
JZ 1A
LOAD 0C
ADD FB
STORE 0C
JMP 08
LOAD FD
JZ 1E
SUB FB
STORE FD
LOAD 24
JZ 1F
SUB FB
STORE FC
LOAD FF
STORE FE
LOAD FC
JZ 1A
SUB FB
STORE FC
LOAD FF
ADD FE
STORE FF
JMP 12
LOAD FC
JZ 1A
LOAD 0C
ADD FB
STORE 0C
JMP 08
LOAD FD
JZ 1E
SUB FB
STORE FD
LOAD 25
JZ 1F
SUB FB
STORE FC
LOAD FF
STORE FE
LOAD FC
JZ 1A
LOAD 0C
ADD FB
STORE 0C
JMP 08
LOAD FD
JZ 1E
HALT 00
