SUB F7
JN 2B
STORE FE
LOAD 2C
STORE F8
LOAD FE
JZ 2B
STORE FC
LOAD FC
JZ 2B
SUB F7
STORE FC
LOAD 2D
STORE FA
 01
STORE FB
 00
STORE F9
 08
STORE FD
LOAD FD
JZ 25
SUB F7
STORE FD
LOAD F8
AND FB
JZ 1E
LOAD FA
ADD F9
STORE F9
LOAD FB
ADD FB
STORE FB
LOAD FA
ADD FA
STORE FA
JMP 14
LOAD FD
JZ 25
SUB F7
STORE FD
LOAD F8
AND FB
JZ 1E
LOAD FB
ADD FB
STORE FB
LOAD FA
ADD FA
STORE FA
JMP 14
LOAD FD
JZ 25
SUB F7
STORE FD
LOAD F8
AND FB
JZ 1E
LOAD FA
ADD F9
STORE F9
LOAD FB
ADD FB
STORE FB
LOAD FA
ADD FA
STORE FA
JMP 14
LOAD FD
JZ 25
SUB F7
STORE FD
LOAD F8
AND FB
JZ 1E
LOAD FB
ADD FB
STORE FB
LOAD FA
ADD FA
STORE FA
JMP 14
LOAD FD
JZ 25
SUB F7
STORE FD
LOAD F8
AND FB
JZ 1E
LOAD FB
ADD FB
STORE FB
LOAD FA
ADD FA
STORE FA
JMP 14
LOAD FD
JZ 25
SUB F7
STORE FD
LOAD F8
AND FB
JZ 1E
LOAD FB
ADD FB
STORE FB
LOAD FA
ADD FA
STORE FA
JMP 14
LOAD FD
JZ 25
SUB F7
STORE FD
LOAD F8
AND FB
JZ 1E
LOAD FB
ADD FB
STORE FB
LOAD FA
ADD FA
STORE FA
JMP 14
LOAD FD
JZ 25
SUB F7
STORE FD
LOAD F8
AND FB
JZ 1E
LOAD FB
ADD FB
STORE FB
LOAD FA
ADD FA
STORE FA
JMP 14
LOAD FD
JZ 25
LOAD F9
STORE F8
LOAD 0C
ADD F7
STORE 0C
JMP 08
LOAD FC
JZ 2B
SUB F7
STORE FC
LOAD 2E
STORE FA
 01
STORE FB
 00
STORE F9
 08
STORE FD
LOAD FD
JZ 25
SUB F7
STORE FD
LOAD F8
AND FB
JZ 1E
LOAD FB
ADD FB
STORE FB
LOAD FA
ADD FA
STORE FA
JMP 14
LOAD FD
JZ 25
SUB F7
STORE FD
LOAD F8
AND FB
JZ 1E
LOAD FB
ADD FB
STORE FB
LOAD FA
ADD FA
STORE FA
JMP 14
LOAD FD
JZ 25
SUB F7
STORE FD
LOAD F8
AND FB
JZ 1E
LOAD FA
ADD F9
STORE F9
LOAD FB
ADD FB
STORE FB
LOAD FA
ADD FA
STORE FA
JMP 14
LOAD FD
JZ 25
SUB F7
STORE FD
LOAD F8
AND FB
JZ 1E
LOAD FB
ADD FB
STORE FB
LOAD FA
ADD FA
STORE FA
JMP 14
LOAD FD
JZ 25
SUB F7
STORE FD
LOAD F8
AND FB
JZ 1E
LOAD FA
ADD F9
STORE F9
LOAD FB
ADD FB
STORE FB
LOAD FA
ADD FA
STORE FA
JMP 14
LOAD FD
JZ 25
SUB F7
STORE FD
LOAD F8
AND FB
JZ 1E
LOAD FB
ADD FB
STORE FB
LOAD FA
ADD FA
STORE FA
JMP 14
LOAD FD
JZ 25
SUB F7
STORE FD
LOAD F8
AND FB
JZ 1E
LOAD FB
ADD FB
STORE FB
LOAD FA
ADD FA
STORE FA
JMP 14
LOAD FD
JZ 25
SUB F7
STORE FD
LOAD F8
AND FB
JZ 1E
LOAD FB
ADD FB
STORE FB
LOAD FA
ADD FA
STORE FA
JMP 14
LOAD FD
JZ 25
LOAD F9
STORE F8
LOAD 0C
ADD F7
STORE 0C
JMP 08
LOAD FC
JZ 2B
SUB F7
STORE FC
LOAD 2F
STORE FA
 01
STORE FB
 00
STORE F9
 08
STORE FD
LOAD FD
JZ 25
SUB F7
STORE FD
LOAD F8
AND FB
JZ 1E
LOAD FB
ADD FB
STORE FB
LOAD FA
ADD FA
STORE FA
JMP 14
LOAD FD
JZ 25
SUB F7
STORE FD
LOAD F8
AND FB
JZ 1E
LOAD FB
ADD FB
STORE FB
LOAD FA
ADD FA
STORE FA
JMP 14
LOAD FD
JZ 25
SUB F7
STORE FD
LOAD F8
AND FB
JZ 1E
LOAD FA
ADD F9
STORE F9
LOAD FB
ADD FB
STORE FB
LOAD FA
ADD FA
STORE FA
JMP 14
LOAD FD
JZ 25
SUB F7
STORE FD
LOAD F8
AND FB
JZ 1E
LOAD FA
ADD F9
STORE F9
LOAD FB
ADD FB
STORE FB
LOAD FA
ADD FA
STORE FA
JMP 14
LOAD FD
JZ 25
SUB F7
STORE FD
LOAD F8
AND FB
JZ 1E
LOAD FA
ADD F9
STORE F9
LOAD FB
ADD FB
STORE FB
LOAD FA
ADD FA
STORE FA
JMP 14
LOAD FD
JZ 25
SUB F7
STORE FD
LOAD F8
AND FB
JZ 1E
LOAD FA
ADD F9
STORE F9
LOAD FB
ADD FB
STORE FB
LOAD FA
ADD FA
STORE FA
JMP 14
LOAD FD
JZ 25
SUB F7
STORE FD
LOAD F8
AND FB
JZ 1E
LOAD FB
ADD FB
STORE FB
LOAD FA
ADD FA
STORE FA
JMP 14
LOAD FD
JZ 25
SUB F7
STORE FD
LOAD F8
AND FB
JZ 1E
LOAD FB
ADD FB
STORE FB
LOAD FA
ADD FA
STORE FA
JMP 14
LOAD FD
JZ 25
LOAD F9
STORE F8
LOAD 0C
ADD F7
STORE 0C
JMP 08
LOAD FC
JZ 2B
SUB F7
STORE FC
LOAD 30
STORE FA
 01
STORE FB
 00
STORE F9
 08
STORE FD
LOAD FD
JZ 25
SUB F7
STORE FD
LOAD F8
AND FB
JZ 1E
LOAD FB
ADD FB
STORE FB
LOAD FA
ADD FA
STORE FA
JMP 14
LOAD FD
JZ 25
SUB F7
STORE FD
LOAD F8
AND FB
JZ 1E
LOAD FB
ADD FB
STORE FB
LOAD FA
ADD FA
STORE FA
JMP 14
LOAD FD
JZ 25
SUB F7
STORE FD
LOAD F8
AND FB
JZ 1E
LOAD FB
ADD FB
STORE FB
LOAD FA
ADD FA
STORE FA
JMP 14
LOAD FD
JZ 25
SUB F7
STORE FD
LOAD F8
AND FB
JZ 1E
LOAD FA
ADD F9
STORE F9
LOAD FB
ADD FB
STORE FB
LOAD FA
ADD FA
STORE FA
JMP 14
LOAD FD
JZ 25
SUB F7
STORE FD
LOAD F8
AND FB
JZ 1E
LOAD FA
ADD F9
STORE F9
LOAD FB
ADD FB
STORE FB
LOAD FA
ADD FA
STORE FA
JMP 14
LOAD FD
JZ 25
SUB F7
STORE FD
LOAD F8
AND FB
JZ 1E
LOAD FA
ADD F9
STORE F9
LOAD FB
ADD FB
STORE FB
LOAD FA
ADD FA
STORE FA
JMP 14
LOAD FD
JZ 25
SUB F7
STORE FD
LOAD F8
AND FB
JZ 1E
LOAD FA
ADD F9
STORE F9
LOAD FB
ADD FB
STORE FB
LOAD FA
ADD FA
STORE FA
JMP 14
LOAD FD
JZ 25
SUB F7
STORE FD
LOAD F8
AND FB
JZ 1E
LOAD FB
ADD FB
STORE FB
LOAD FA
ADD FA
STORE FA
JMP 14
LOAD FD
JZ 25
LOAD F9
STORE F8
LOAD 0C
ADD F7
STORE 0C
JMP 08
LOAD FC
JZ 2B
HALT 20
